<?xml version="1.0" encoding="UTF-8"?>
<!-- Generated by org.testng.reporters.JUnitReportReporter -->
<testsuite skipped="0" hostname="DESKTOP-0NAVMR5" name="com.crm.qa.testcases.Loginpagetest" tests="3" failures="0" timestamp="28 Dec 2019 13:58:16 GMT" time="41.207" errors="0">
  <testcase name="loginpagetitle" time="9.664" classname="com.crm.qa.testcases.Loginpagetest"/>
  <testcase name="crmlogoimg" time="9.130" classname="com.crm.qa.testcases.Loginpagetest"/>
  <testcase name="logintest" time="22.413" classname="com.crm.qa.testcases.Loginpagetest"/>
</testsuite> <!-- com.crm.qa.testcases.Loginpagetest -->
